[    0.000000] Linux version 4.15.0-124-generic (buildd@lgw01-amd64-029) (gcc version 7.5.0 (Ubuntu 7.5.0-3ubuntu1~18.04)) #127-Ubuntu SMP Fri Nov 6 10:54:43 UTC 2020 (Ubuntu 4.15.0-124.127-generic 4.15.18)
[    0.000000] Command line: BOOT_IMAGE=/boot/vmlinuz-4.15.0-124-generic root=LABEL=cloudimg-rootfs ro console=tty1 console=ttyS0
[    0.000000] KERNEL supported cpus:
[    0.000000]   Intel GenuineIntel
[    0.000000]   AMD AuthenticAMD
[    0.000000]   Centaur CentaurHauls
[    0.000000] x86/fpu: Supoottnng XSAV  eettur  xx001:''887 llaaiingppiitt rggiseess
[    ..000000] x86/fpu: Supporting XSAVE feature 0x002: 'SSE registers'
[    0.000000] x86/fpu: Supporting XSAVE feature 0x004: 'AVX registers'
[    0.000000] x86/fpu: xstate_offset[2]:  576, xstate_sizes[2]:  256
[    0.000000] x86/fpu: Enabled xstate features 0x7, context size is 832 bytes, using 'standard' format.
[    0.000000] e820: BIOS-provided physical RAM map:
[    0.000000] BIOS-e820: [mem 0x0000000000000000-0x000000000009fbff] usable
[    0.000000] BIOS-e820: [mem 0x000000000009fc00-0x000000000009ffff] reserved
[    0.000000] BIOS-e820: [mem 0x00000000000f0000-0x00000000000fffff] reserved
[    0.000000] BIOS-e820: [mem 0x0000000000100000-0x000000003ffeffff] usable
[    0.000000] BIOS-e820: [mem 0x000000003fff0000-0x000000003fffffff] ACPI data
[    0.000000] BIOS-e820: [mem 0x00000000fec00000-0x00000000fec00fff] reserved
[    0.000000] BIOS-e820: [mem 0x00000000fee00000-0x00000000fee00fff] reserved
[    0.000000]BBOOS-e820  mmem00x00000000fffc0000-0x00000000ffffffff  eeeerved
[    0.000000] NX (Execute Disable) protection: active
[    0.000000] SMBIOS 2.5 present.
[    0.000000] DMI: innotek GmbH VirtualBox/VirtualBox, BIOS VirtualBox 12/01/2006
[    0.000000] Hypervisor detected: KVM
[    0.000000] e820: last_pfn = 0x3fff0 max_arch_pfn = 0x400000000
[    0.000000] MTRR: Disabled
[    0.000000] x86/PAT: MTRRs disabled, skipping PAT initialization too.
[    0.000000] CPU MTRRs all blank - virtualized system.
[    0.000000] x86/PAT: Configuration [0-7]: WB  WT  UC- UC  WB  WT  UC- UC  
[    0.000000] found SMP MP-table at [mem 0x0009fff0-0x0009ffff]
[    0.000000] Scanning 1 areas for low memory corruption
[    0.000000] RAMDISK: [mem 0x35a67000-0x36d2afff]
[    0.000000] ACPI: Early table checksum verification disabled
[    0.000000] ACPI: RSDP 0x00000000000E0000 000024 (v02 VBOX  )
[    0.000000] ACPI: XSDT 0x000000003FFF0030 00003C (v01 VBOX   VBOXXSDT 00000001 ASL  00000061)
[    0.000000] ACPI: FACP 0x000000003FFF00F0 0000F4 (v04 VBOX   VBOXFACP 00000001 ASL  00000061)
[    0.000000] ACPI: DSDT 0x000000003FFF0470 0021FF (v02 VBOX   VBOXBIOS 00000002 INTL 20180105)
[    0.000000] ACPI: FACS 0x000000003FFF0200 000040
[    0.000000] ACPI: FACS 0x000000003FFF0200 000040
[    0.000000] ACPI: APIC 0x000000003FFF0240 000054 (v02 VBOX   VBOXAPIC 00000001 ASL  00000061)
[    0.000000] ACPI: SSDT 0x000000003FFF02A0 0001CC (v01 VBOX   VBOXCPUT 00000002 INTL 20180105)
[    0.000000] No NUMA configuration found
[    0.000000] Faking a node at [mem 0x0000000000000000-0x000000003ffeffff]
[    0.000000] NODE_DATA(0) allocated [mem 0x3ffc5000-0x3ffeffff]
[    0.000000] kvm-clock: cpu 0, msr 0:3ff44001, primary cpu clock
[    0.000000] kvm-clock: Using msrs 4b564d01 and 4b564d00
[    0.000000] kvm-clock: using sched offset of 3325498735 cycles
[    0.000000] clocksource: kvm-clock: mask: 0xffffffffffffffff max_cycles: 0x1cd42e4dffb, max_idle_ns: 881590591483 ns
[    0.000000] Zone ranges:
[    0.000000]   DMA      [mem 0x0000000000001000-0x0000000000ffffff]
[    0.000000]   DMA32    [mem 0x0000000001000000-0x000000003ffeffff]
[    0.000000]   Normal   empty
[    0.000000]   Device   empty
[    0.000000] Movable zone start for each node
[    0.000000] Early memory node ranges
[    0.000000]   node   0: [mem 0x0000000000001000-0x000000000009efff]
[    0.000000]   node   0: [mem 0x0000000000100000-0x000000003ffeffff]
[    0.000000] Reserved but unavailable: 98 pages
[    0.000000] Initmem setup node 0 [mem 0x0000000000001000-0x000000003ffeffff]
[    0.000000] ACPI: PM-Timer IO Port: 0x4008
[    0.000000] IOAPIC[0]: apic_id 1, version 32, address 0xfec00000, GSI 0-23
[    0.000000] ACPI: INT_SRC_OVR (bus 0 bus_irq 0 global_irq 2 dfl dfl)
[    0.000000] ACPI: INT_SRC_OVR (bus 0 bus_irq 9 global_irq 9 low level)
[    0.000000] Using ACPI (MADT) for SMP configuration information
[    0.000000] smpboot: Allowing 1 CPUs, 0 hotplug CPUs
[    0.000000] PM: Registered nosave memory: [mem 0x00000000-0x00000fff]
[    0.000000] PM: Registered nosave memory: [mem 0x0009f000-0x0009ffff]
[    0.000000] PM: Registered nosave memory: [mem 0x000a0000-0x000effff]
[    0.000000] PM: Registered nosave memory: [mem 0x000f0000-0x000fffff]
[    0.000000] e820: [mem 0x40000000-0xfebfffff] available for PCI devices
[    0.000000] Booting paravirtualized kernel on KVM
[    0.000000] clocksource: refined-jiffies: mask: 0xffffffff max_cycles: 0xffffffff, max_idle_ns: 7645519600211568 ns
[    0.000000] random: get_random_bytes called from start_kernel+0x99/0x500 with crng_init=0
[    0.000000] setup_percpu: NR_CPUS:8192 nr_cpumask_bits:1 nr_cpu_ids:1 nr_node_ids:1
[    0.000000] percpu: Embedded 45 pages/cpu s147456 r8192 d28672 u2097152
[    0.000000] PV qspinlock hash table entries: 256 (order: 0, 4096 bytes)
[    0.000000] Built 1 zonelists, mobility grouping on.  Total pages: 257913
[    0.000000] Policy zone: DMA32
[    0.000000] Kernel commandlline: BOOT_IMAGE=/boot/vmlinuz-4.15.0-124-generic root=LABEL=cloudimg-rootfs ro console=tty1 console=ttyS0
[    0.000000] Memory: 983212K/1048120K available (12300K kernel code, 2482K rwdata, 4272K rodata, 2436K init, 2724K bss, 64908K reserved, 0K cma-reserved)
[    0.000000] SLUB: HWalign=64, Order=0-3, MinObjects=0, CPUs=1, Nodes=1
[    0.000000] Kernel/User page tables isolation: enabled
[    0.000000] ftrace: allocating 39402 entries in 154 pages
[    0.004000] Hierarchical RCU implementation.
[    0.004000] 	RCU restricting CPUs from NR_CPUS=8192 to nr_cpu_ids=1.
[    0.004000] 	Tasks RCU enabled.
[    0.004000] RCU: Adjusting geometry for rcu_fanout_leaf=16, nr_cpu_ids=1
[    0.004000] NR_IRQS: 524544, nr_irqs: 256, preallocated irqs: 16
[    0.004000] Console: colour VGA+ 80x25
[    0.004000] console [tty1] enabled
[    0.004000] console [ttyS0] enabled
[    00044000] ACPI: Core revision 20170831
[    0.004000] ACPI: 2 ACPI AML tables successfully acquired and loaded
[    0.004000] APIC: Switch to symmetric I/O mode setup
[    0.004000] x2apic enabled
[    0.004004] Switched APIC routing to physical x2apic.
[    0.008773] ..TIMER: vector=0x30 apic1=0 pin1=2 apic2=-1 pin2=-1
[    0.012005] tsc: Detected 3600.010 MHz processor
[    0.016010] Calibrating delay loop (skipped) preset value.. 7200.02 BogoMIPS (lpj=14400040)
[    0.016913] pid_max: default: 32768 minimum: 301
[    0.017446] Security Framework initialized
[    0.020002] Yama: becoming mindful.
[    0.024029] AppArmor: AppArmor initialized
[    0.028546] Dentry cache hash table entries: 131072 (order: 8, 1048576 bytes)
[    0.032060] Inode-cache hash table entries: 65536 (order: 7, 524288 bytes)
[    0.036023] Mount-cache hash table entries: 2048 (order: 2, 16384 bytes)
[    0.040012] Mountpoint-cache hash table entries: 2048 (order: 2, 16384 bytes)
[    0.041115] process: using mwait in idle threads
[    0.044004] Last level iTLB entries: 4KB 64, 2MB 8, 4MB 8
[    0.044608] Last level dTLB entries: 4KB 64, 2MB 0, 4MB 0, 1GB 4
[    0.045246] Spectre V1 : Mitigation: usercopy/swapgs barriers and __user pointer sanitization
[    0.046172] Spectre V2 : Mitigation: Full generic retpoline
[    0.046864] Spectre V2 : Spectre v2 / SpectreRSB mitigation: Filling RSB on context switch
[    0.047745] Speculative Store Bypass: Vulnerable
[    0.048000] SRBDS: Unknown: Dependent on hypervisor status
[    0.048000] MDS: Mitigation: Clear CPU buffers
[    0.061159] Freeing SMP alternatives memory: 36K
[    0.176003] APIC calibration not consistent with PM-Timer: 101ms instead of 100ms
[    0.180000] APIC delta adjusted to PM-Timer: 6286457 (6405441)
[    0.180044] smpboot: CPU0: Intel(R) Core(TM) i7-7700 CPU @ 3.60GHz (family: 0x6, model: 0x9e, stepping: 0x9)
[    0.184066] Performance Events: unsupported p6 CPU model 158 no PMU driver, software events only.
[    0.188026] Hierarchical SRCU implementation.
[    0.192558] NMI watchdog: Perf event create on CPU 0 failed with -2
[    0.196009] NMI watchdog: Perf NMI watchdog permanently disabled
[    0.200051] smp: Bringing up secondary CPUs ...
[    0.204006] smp: Brought up 1 node, 1 CPU
[    0.208006] smpboot: Max logical packages: 1
[    0.208540] smpboot: Total of 1 processors activated (7200.02 BogoMIPS)
[    0.212112] devtmpfs: initialized
[    0.212566] x86/mm: Memory block size: 128MB
[    0.213165] evm: security.selinux
[    0.213569] evm: security.SMACK64
[    0.213952] evm: security.SMACK64EXEC
[    0.214396] evm: security.SMACK64TRANSMUTE
[    0.216003] evm: security.SMACK64MMAP
[    0.216535] evm: security.apparmor
[    0.220006] evm: security.ima
[    0.220437] evm: security.capability
[    0.224130] clocksource: jiffies: mask: 0xffffffff max_cycles: 0xffffffff, max_idle_ns: 7645041785100000 ns
[    0.228018] futex hash table entries: 256 (order: 2, 16384 bytes)
[    0.228890] pinctrl core: initialized pinctrl subsystem
[    0.232097] RTC time: 12:22:39, date: 04/20/21
[    0.232805] NET: Registered protocol family 16
[    0.233496] audit: initializing netlink subsys (disabled)
[    0.236131] cpuidle: using governor ladder
[    0.240011] audit: type=2000 audit(1618921361.171:1): state=initialized audit_enabled=0 res=1
[    0.244009] cpuidle: using governor menu
[    0.248053] ACPI: bus type PCI registered
[    0.252006] acpiphp: ACPI Hot Plug PCI Controller Driver version: 0.5
[    0.256087] PCI: Using configuration type 1 for base access
[    0.260710] HugeTLB registered 2.00 MiB page size, pre-allocated 0 pages
[    0.262017] ACPI: Added _OSI(Module Device)
[    0.262490] ACPI: Added _OSI(Processor Device)
[    0.263018] ACPI: Added _OSI(3.0 _SCP Extensions)
[    0.263529] ACPI: Added _OSI(Processor Aggregator Device)
[    0.264016] ACPI: Added _OSI(Linux-Dell-Video)
[    0.268019] ACPI: Added _OSI(Linux-Lenovo-NV-HDMI-Audio)
[    0.272021] ACPI: Added _OSI(Linux-HPI-Hybrid-Graphics)
[    0.272783] ACPI: Executed 1 blocks of module-level executable AML code
[    0.280515] ACPI: Interpreter enabled
[    0.284022] ACPI: (supports S0 S5)
[    0.284476] ACPI: Using IOAPIC for interrupt routing
[    0.285272] PCI: Using host bridge windows from ACPI; if necessary, use "pci=nocrs" and report a bug
[    0.288164] ACPI: Enabled 2 GPEs in block 00 to 07
[    0.299796] ACPI: PCI Root Bridge [PCI0] (domain 0000 [bus 00-ff])
[    0.300028] acpi PNP0A03:00: _OSC: OS supports [ASPM ClockPM Segments MSI]
[    0.304043] acpi PNP0A03:00: _OSC: not requesting OS control; OS requires [ExtendedConfig ASPM ClockPM MSI]
[    0.308021] acpi PNP0A03:00: fail to add MMCONFIG information, can't access extended PCI configuration space under this bridge.
[    0.312255] PCI host bridge to bus 0000:00
[    0.316009] pci_bus 0000:00: root bus resource [io  0x0000-0x0cf7 window]
[    0.320010] pci_bus 0000:00: root bus resource [io  0x0d00-0xffff window]
[    0.324007] pci_bus 0000:00: root bus resource [mem 0x000a0000-0x000bffff window]
[    0.328009] pci_bus 0000:00: root bus resource [mem 0x40000000-0xfdffffff window]
[    0.332008] pci_bus 0000:00: root bus resource [bus 00-ff]
[    0.337444] pci 0000:00:01.1: legacy IDE quirk: reg 0x10: [io  0x01f0-0x01f7]
[    0.340008] pci 0000:00:01.1: legacy IDE quirk: reg 0x14: [io  0x03f6]
[    0.344006] pci 0000:00:01.1: legacy IDE quirk: reg 0x18: [io  0x0170-0x0177]
[    0.348007] pci 0000:00:01.1: legacy IDE quirk: reg 0x1c: [io  0x0376]
[    0.364594] pci 0000:00:07.0: quirk: [io  0x4000-0x403f] claimed by PIIX4 ACPI
[    0.368023] pci 0000:00:07.0: quirk: [io  0x4100-0x410f] claimed by PIIX4 SMB
[    0.377919] ACPI: PCI Interrupt Link [LNKA] (IRQs 5 9 10 *11)
[    0.384071] ACPI: PCI Interrupt Link [LNKB] (IRQs 5 9 *10 11)
[    0.388104] ACPI: PCI Interrupt Link [LNKC] (IRQs 5 *9 10 11)
[    0.392133] ACPI: PCI Interrupt Link [LNKD] (IRQs 5 9 10 *11)
[    0.396326] SCSI subsystem initialized
[    0.396904] pci 0000:00:02.0: vgaarb: setting as boot VGA device
[    0.397639] pci 0000:00:02.0: vgaarb: VGA device added: decodes=io+mem,owns=io+mem,locks=none
[    0.398813] pci 0000:00:02.0: vgaarb: bridge control possible
[    0.399637] vgaarb: loaded
[    0.400000] ACPI: bus type USB registered
[    0.400024] usbcore: registered new interface driver usbfs
[    0.400720] usbcore: registered new interface driver hub
[    0.401450] usbcore: registered new device driver usb
[    0.402150] EDAC MC: Ver: 3.0.0
[    0.404244] PCI: Using ACPI for IRQ routing
[    0.412194] NetLabel: Initializing
[    0.416005] NetLabel:  domain hash size = 128
[    0.420003] NetLabel:  protocols = UNLABELED CIPSOv4 CALIPSO
[    0.424025] NetLabel:  unlabeled traffic allowed by default
[    0.428121] clocksource: Switched to clocksource kvm-clock
[   00443622]]VVSS  iikkqqootas dquot_6.6.0
[    0.687730] VFS: Dquot-cache hash table entries: 512 (order 0, 4096 bytes)
[    0.688708] AppArmor: AppArmor Filesystem Enabled
[    0.697995] pnp: PnP ACPI init
[    0.699233] pnp: PnP ACPI: found 3 devices
[    0.705119] clocksource: acpi_pm: mask: 0xffffff max_cycles: 0xffffff, max_idle_ns: 2085701024 ns
[    0.706178] NET: Registered protocol family 2
[    0.706794] TCP established hash table entries: 8192 (order: 4, 65536 bytes)
[    0.707568] TCP bind hash table entries: 8192 (order: 5, 131072 bytes)
[    0.708277] TCP: Hash tables configured (established 8192 bind 8192)
[    0.708997] UDP hash table entries: 512 (order: 2, 16384 bytes)
[    0.709662] UDP-Lite hash table entries: 512 (order: 2, 16384 bytes)
[    ..710347] NET: Registered protocol family 1
[    0.778822  cc  0000000:00.0:LLimttnn  iieettPPIIPPIIttaanseers

[   11.327210] pci 0000:00:01.0: Activating ISA DMA hang workarounds
[    1.384092] pci 0000:00:02.0: Video device with shadowed ROM at [mem 0x000c0000-0x000dffff]
[    1.385218] Unpacking initramfs...
[   11.51136]]FFreeing initrd memory: 19216K
[    1.747923] clocksource: tsc: mask: 0xffffffffffffffff max_cycles: 0x33e45cd82d3, max_idle_ns: 440795345741 ns
[    1.749361] platform rtc_cmos: registered platform RTC device (no PNP device found)
[    1.768048] Scanning for low memory corruption every 60 seconds
[    1.769091] Initialise system trusted keyrings
[    1.769640] Key type blacklist registered
[    1.770164] workingset: timestamp_bits=36 max_order=18 bucket_order=0
[    1.771964] zbud: loaded
[    1.772638] squashfs: version 4.0 (2009/01/31) PiillppLLuuhher
[   119937553]ffsse intt((PP  eessoon 7.26)
[    2.258187] Key type asymmetric registered
[    ..667897] Ayymmttii  ee  aarse  xx00''rregistered
[    2.617636] Block layer SCSI generic (bsg) driver version 0.4 loaded (major 246)
[    2.688442] io cceeuuee  noop registered
[    2.818596] io scheduler deadline registered
[    2.820248] io scheduler cfq registered (default)
[    2.821544] ACPI: AC Adapter [AC] (on-line)
[    2.822239] input: Power Button as /devices/LNXSYSTM:00/LNXPWRBN:00/input/input0
[    2.825434] ACPI: Power Button [PWRF]
[    2.826020] input: Sleep Button as /devices/LNXSYSTM:00/LNXSLPBN:00/input/input1
[    2.826913] ACPI: Sleep Button [SLPF]
[    2.827514] Serial: 8250/16550 driver, 32 ports, IRQ sharing enabled
[   22889966]]00::22  ttSS  ttIIOO00x388((ir    ,,bbss__aaud =115500))iis a 16550A
[    3.498636] Linux agpgart interface v0.103
[    3.499878] loop: module loaded
[    3.500696] scsi host0: ata_piix
[    3.501194] scsi host1: ata_piix
[    3.501755] ata1: PATA max UDMA/33 cmd 0x1f0 ctl 0x3f6 bmdma 0xd000 irq 14
[    3.502667] ata2: PATA max UDMA/33 cmd 0x170 ctl 0x376 bmdma 0xd008 irq 15
[    3.503841] libphy: Fixed MDIO Bus: probed
[    3.504425] tun: Universal TUN/TAP device driver, 1.6
[    3.510022  PP  eeeeiic rrivrrvvrriinn2244.2
[    3.877777] ehci_hcd: USB 2.0 'Enhanced' Host Controller (EHCI) Driver
[    3.878714] ehci-pci: EHCI PCI platform driver
[    3.879369] ehci-platform: EHCI generic platform driver
[    3.880079] ohci_hcd: USB 1.1 'Open' Host Controller (OHCI) Driver
[    3.880974] ohci-pci: OHCI PCI platform driver
[    3.881620] ohci-platform: OHCI generic platform driver
[    3.882352] uhci_hcd: USB Universal Host Controller Interface driver
[    3.883238] i8042: PNP: PS/2 Controller [PNP0303:PS2K,PNP0f03:PS2M] at 0x60,0x64 irq1111
[    ..550011  seri::ii0022KKDDpprr  tt00660,xx44iirq11

[    4445700]]ssrroo: 8844  UU  oortaa  xx600066  rr  22

[    4.926722] mousedev: PS/2 mouse device common for all mice
[    4.930932] input: AT Translated Set 2 keyboard as /devices/platform/i8042/serio0/input/input2
[    4.934302] rtc_cmos rtc_cmos: rtc core: registered rtc_cmos as rtc0
[    4.935048] rtc_cmos rtc_cmos: alarms up to one day, 114 bytes nvram
[    4.935744] i2c /dev entries driver
[    4.936308] device-mapper: uevent: version 1.0.3
[    4.936882] device-mapper: ioctl: 4.37.0-ioctl (2017-09-20) initialised: dm-devel@redhat.com
[    4.937835] ledtrig-cpu: registered to indicate activity on CPUs
[    4.938554] intel_pmc_core:  initialized
[    4.939112] NET: Registered protocol family 10
[    4.941667] Segment Routing with IPv6
[    4.946166] NET: Registered protocol family 17
[    4.946733] Key type dns_resovvrrrrggsseeeed
[    51133246] mee  ssnn    CC  aakk
[   55444400]]RRAS: Correctable Errors collector initialized.
[    5.647924] sched_clock: Marking stable (5647883683, 0)->(11407632762, -5759749079)
[    56667967] eeiittrrddttssssaassvvrriion 1
[    5.977662] Loading compiled-in X.509 certificates
[    5.979814] Loaded X.509 cert 'Build time autogenerated kernel key: be62403dcace2d46f96dafa9f42421c610ef3c2a'
[    5.97799]]zzswap: loaee  usnn  oollllzo/zbud
[    6.279592] Key type big_key registered
[    6.308010] Key type trusted registered
[    6.309884] Key type encrypted registered
[    6.311474] AppArmor: AppArmor sha1 policy hashing enabled
[    6.313280] ima: No TPM chip found, activating TPM-bypass! (rc=-19)
[    6.314171] ima: Allocated hash algorithm: sha1
[    6.314829] evm: HMAC attrs: 011

[    6.356569]   Magic number: 1:585:380
[    6.362888] rtc_cmos rtc_cmos: setting system clock to 2021-04-20 12:22:48 UTC (1618921368)
[    6.364087] BIOS EDD facility v0.16 2004-Jun-25, 0 devices found
[    6.364920] EDD information not available.
[    6.367677] Freeing unused kernel image memory: 2436K
[    6.376015] Write protecting the kernel read-only data: 20480k
[    6.377122] Freeing unused kernel image memory: 2008K
[    6.577995] Freeing unused kernel image memory: 1872K
[    6.583478] x86/mm: Checked W+X mappings: passed, no W+X pages found.
[    7.017848] x86/mm: Checking user space page tables
[    7.026667] x86/mm: Checked W+X mappings: passed, no W+X pages found.
Loading, please wait...
starting version 237
[    7.148378] e1000: Intel(R) PRO/1000 Network Driver - version 7.3.21-k8-NAPI
[    7.587820] e1000: Copyright (c) 1999-2006 Intel Corporation.
[    7.591436] Fusion MPT base driver 3.04.20
[    7.907787] Copyright (c) 1999-2008 LSI Corporation
[    7.945508] AVX2 version of gcm_enc/dec engaged.
[    7.957910] AES CTR mode by8 optimization enabled
[    8.064280] Fusion MPT SPI Host driver 3.04.20
[    8.102005] mptbase: ioc0: Initiating bringup
[    8.124873] input: ImExPS/2 Generic Explorer Mouse as /devices/platform/i8042/serio1/input/input4
[    8.196857] ioc0: LSI53C1030 A0: Capabilities={Initiator}
[    8.627987] scsi host2: ioc0: LSI53C1030 A0, FwRev=00000000h, Ports=1, MaxQ=256, IRQ=20
[    9.345081] scsi 2:0:0:0: Direct-Access     VBOX     HARDDISK         1.0  PQ: 0 ANSI: 5
[    9.828640] scsi target2:0:0: Beginning Domain Validation
[   10.228169] random: fast init done
[   10.228814] scsi target2:0:0: Domain Validation skipping write tests
[   10.229588] scsi target2:0:0: Ending Domain Validation
[   10.256523] scsi target2:0:0: asynchronous
[   10.268929] scsi 2:0:1:0: Direct-Access     VBOX     HARDDISK         1.0  PQ: 0 ANSI: 5
[   10.447612] scsi target2:0:1: Beginning Domain Validation
[   10.544401] scsi target2:0:1: Domain Validation skipping write tests
[   10.767990] scsi target2:0:1: Ending Domain Validation
[   10.857704] scsi target2:0:1: asynchronous
[   11.219754] random: systemd-udevd: uninitialized urandom read (16 bytes read)
[   11.220541] random: systemd-udevd: uninitialized urandom read (16 bytes read)
[   11.221327] random: systemd-udevd: uninitialized urandom read (16 bytes read)
[   11.222264] sd 2:0:0:0: [sda] 20971520 512-byte logical blocks: (10.7 GB/10.0 GiB)
[   11.223109] sd 2:0:0:0: [sda] Write Protect is off
[   11.223683] sd 2:0:0:0: [sda] Incomplete mode parameter data
[   11.224297] sd 2:0:0:0: [sda] Assuming drive cache: write through
[   11.225422] sd 2:0:0:0: Attached scsi generic sg0 type 0
[   11.226461] sd 2:0:1:0: Attached scsi generic sg1 type 0
[   11.288300]  sda: sda1
[   11.293054] sd 2:0:1:0: [sdb] 20480 512-byte logical blocks: (10.5 MB/10.0 MiB)
[   11.294200] sd 2:0:1:0: [sdb] Write Protect is off
[   11.294919] sd 2:0:0:0: [sda] Attached SCSI disk
[   11.296225] sd 2:0:1:0: [sdb] Incomplete mode parameter data
[   11.297020] sd 2:0:1:0: [sdb] Assuming drive cache: write through
[   11.309375] e1000 0000:00:03.0 eth0: (PCI:33MHz:32-bit) 02:60:71:1d:34:36
[   11.318040] e1000 0000:00:03.0 eth0: Intel(R) PRO/1000 Network Connection
[   11.359180] sd 2:0:1:0: [sdb] Attached SCSI disk
[   11.726989] e1000 0000:00:08.0 eth1: (PCI:33MHz:32-bit) 08:00:27:5b:70:74
[   11.968016] e1000 0000:00:08.0 eth1: Intel(R) PRO/1000 Network Connection
[   12.018866] e1000 0000:00:08.0 enp0s8: renamed from eth1
[   12.398584] e1000 0000:00:03.0 enp0s3: renamed from eth0
Begin: Loading essential drivers ... [   13.757415] raid6: sse2x1   gen() 15745 MB/s
[   13.817413] raid6: sse2x1   xor() 11390 MB/s
[   13.867429] raid6: sse2x2   gen() 16948 MB/s
[   13.927432] raid6: sse2x2   xor() 13036 MB/s
[   13.987438] raid6: sse2x4   gen() 22121 MB/s
[   14.047427] raid6: sse2x4   xor() 13596 MB/s
[   14.107432] raid6: avx2x1   gen() 31508 MB/s
[   14.167434] raid6: avx2x1   xor() 22248 MB/s
[   14.217414] raid6: avx2x2   gen() 33805 MB/s
[   14.277397] raid6: avx2x2   xor() 24190 MB/s
[   14.337393] raid6: avx2x4   gen() 44007 MB/s
[   14.397409] raid6: avx2x4   xor() 26816 MB/s
[   14.398046] raid6: using algorithm avx2x4 gen() 44007 MB/s
[   14.398820] raid6: .... xor() 26816 MB/s, rmw enabled
[   14.399513] raid6: using avx2x2 recovery algorithm
[   14.401544] xor: automatically using best checksumming function   avx       
[   14.403544] async_tx: api initialized (async)
done.
Begin: Running /[   14.441384] Btrfs loaded, crc32c=crc32c-intel
scripts/init-premount ... done.
Begin: Mounting root file system ... Begin: Running /scripts/local-top ... done.
Begin: Running /scripts/local-premount ... Scanning for Btrfs filesystems
done.
[   14.512785] EXT4-fs (sda1): mounted filesystem with ordered data mode. Opts: (null)
Warning: fsck not present, so skipping root file system
done.
Begin: Running /scripts/local-bottom ... done.
Begin: Running /scripts/init-bottom ... done.
[   14.730002] ip_tables: (C) 2000-2006 Netfilter Core Team
[   15.266838] systemd[1]: systemd 237 running in system mode. (+PAM +AUDIT +SELINUX +IMA +APPARMOR +SMACK +SYSVINIT +UTMP +LIBCRYPTSETUP +GCRYPT +GNUTLS +ACL +XZ +LZ4 +SECCOMP +BLKID +ELFUTILS +KMOD -IDN2 +IDN -PCRE2 default-hierarchy=hybrid)
[   15.389551] systemd[1]: Detected virtualization oracle.
[   15.390124] systemd[1]: Detected architecture x86-64.

Welcome to [1mUbuntu 18.04.5 LTS[0m!

[   15.393445] systemd[1]: Set hostname to <ubuntu>.
[   15.397134] systemd[1]: Initializing machine ID from random generator.
[   15.397888] systemd[1]: Installed transient /etc/machine-id file.
[   15.656165] systemd[1]: Created slice System Slice.
[[0;32m  OK  [0m] Created slice System Slice.
[   15.657559] systemd[1]: Listening on udev Control Socket.
[[0;32m  OK  [0m] Listening on udev Control Socket.
[   15.658885] systemd[1]: Listening on Journal Audit Socket.
[[0;32m  OK  [0m] Listening on Journal Audit Socket.
[   15.660228] systemd[1]: Listening on Journal Socket.
[[0;32m  OK  [0m] Listening on Journal Socket.
         Starting Remount Root and Kernel File Systems...
[[0;32m  OK  [0m] Listening on LVM2 metadata daemon socket.
[[0;32m  OK  [0m] Reached target System Time Synchronized.
[[0;32m  OK  [0m] Created slice User and Session Slice.
[[0;32m  OK  [0m] Reached target Slices.
         Mounting POSIX Message Queue File System...
         Mounting Huge Pages File System...
         Mounting Kernel Debug File System...
[[0;32m  OK  [0m] Listening on Journal Socket (/dev/log).
[[0;32m  OK  [0m] Listening on Network Service Netlink Socket.
[[0;32m  OK  [0m] Created slice system-serial\x2dgetty.slice.
         Starting Uncomplicated firewall...
[[0;32m  OK  [0m] Reached target Swap.
[[0;32m  OK  [0m] Listening on Syslog Socket.
         Starting Journal Service...
[[0;32m  OK  [0m] Listening on udev Kernel Socket.
         Starting udev Coldplug all Devices...
[[0;32m  OK  [0m] Listening on Device-mapper ev[   15.717557] EXT4-fs (sda1): re-mounted. Opts: (null)
ent daemon FIFOs.
         Starting Monitoring of LVM2 mirrors…ng dmeventd or progress polling...
[[0;32m  OK  [0m] Started Forward Password Requests to Wall Directory Watch.
[[0;32m  OK  [0m] Reached target User and Group Name Lookups.
[[0;32m  OK  [0m] Listening on LVM2 poll daemon socket.
[[0;32m  OK  [0m] Set up automount Arbitrary Executab…rmats File System Automount Point.
         Starting Load Kernel Modules...
         Starting Create list of required st…ce nodes for the current kernel...
[[0;32m  OK  [0m] Listening on [   15.922291] Loading iSCSI transport class v2.0-870.
/dev/initctl Com[   16.112188] iscsi: registered transport (tcp)
patibility Named Pipe.
         Starting Set the console keyboard layout...
[[0;32m  OK  [0m] Started Journal Service.
[   16.222111] iscsi: registered transport (iser)
[[0;32m  OK  [0m] Started Remount Root and Kernel File Systems.
[[0;32m  OK  [0m] Mounted POSIX Message Queue File System.
[[0;32m  OK  [0m] Mounted Huge Pages File System.
[[0;32m  OK  [0m] Mounted Kernel Debug File System.
[[0;32m  OK  [0m] Started Uncomplicated firewall.
[[0;32m  OK  [0m] Started Load Kernel Modules.
[[0;32m  OK  [0m] Started Create list of required sta…vice nodes for the current kernel.
[[0;32m  OK  [0m] Started LVM2 met[   16.703496] random: crng init done
adata daemon.
[   16.947462] random: 7 urandom warning(s) missed due to ratelimiting
         Starting Create Static Device Nodes in /dev...
         Starting Apply Kernel Variables...
         Mounting Kernel Configuration File System...
         Mounting FUSE Control File System...
         Starting Load/Save Random Seed...
         Starting Flush Journal to Persistent Storage...
[[0;32m  OK  [0m] Started Monitoring of LVM2 mirrors,…sing dmeventd or progress polling.
[[0;32m  OK  [0m] Started udev Coldplug all Devices.
[[0;32m  OK  [0m] Started Create Static Device Nodes in /dev.
[[0;32m  OK  [0m] Started Apply Kernel Variables.
[[0;32m  OK  [0m] Mounted Kernel Configuration File System.
[[0;32m  OK  [0m] Mounted FUSE Control File System.
[[0;32m  OK  [0m] Started Load/Save Random Seed.
         Starting udev Kernel Device Manager...
[[0;32m  OK  [0m] Started udev Kernel Device Manager.
[[0;32m  OK  [0m] Started Flush Journal to Persistent Storage.
[[0;32m  OK  [0m] Found device /dev/ttyS0.
[[0;32m  OK  [0m] Started Set the console keyboard layout.
[[0;32m  OK  [0m] Started Dispatch Password Requests to Console Directory Watch.
[[0;32m  OK  [0m] Reached target Local Encrypted Volumes.
[[0;32m  OK  [0m] Reached target Local File Systems (Pre).
[[0;32m  OK  [0m] Reached target Local File Systems.
         Starting ebtables ruleset management...
         Starting AppArmor initialization...
         Starting Tell Plymouth To Write Out Runtime Data...
         Starting Set console font and keymap...
         Starting Create Volatile Files and Directories...
         Starting Commit a transient machine-id on disk...
[[0;32m  OK  [0m] Listening on Load/Save RF Kill Switch Status /dev/rfkill Watch.
[[0;32m  OK  [0m] Started Tell Plymouth To Write Out Runtime Data.
[[0;32m  OK  [0m] Started Set console font and keymap.
[[0;32m  OK  [0m] Started Create Volatile Files and Directories.
[[0;32m  OK  [0m] Started Commit a transient machine-id on disk.
         Starting Update UTMP about System Boot/Shutdown...
[[0;32m  OK  [0m] Started Update UTMP about System Boot/Shutdown.
[[0;32m  OK  [0m] Started ebtables ruleset management.
[[0;32m  OK  [0m] Started AppArmor initialization.
         Starting Load AppArmor profiles managed internally by snapd...
         Starting Initial cloud-init job (pre-networking)...
[[0;32m  OK  [0m] Started Load AppArmor profiles managed internally by snapd.
[   20.080281] cloud-init[713]: Cloud-init v. 20.3-2-g371b392c-0ubuntu1~18.04.1 running 'init-local' at Tue, 20 Apr 2021 12:23:01 +0000. Up 19.83 seconds.
[[0;32m  OK  [0m] Started Initial cloud-init job (pre-networking).
[[0;32m  OK  [0m] Reached target Network (Pre).
         Starting Network Service...
[[0;32m  OK  [0m] Started Network Service.
         Starting Wait for Network to be Configured...
         Starting Network Name Resolution...
[[0;32m  OK  [0m] Started Network Name Resolution.
[[0;32m  OK  [0m] Reached target Host and Network Name Lookups.
[[0;32m  OK  [0m] Reached target Network.
[[0;32m  OK  [0m] Started Wait for Network to be Configured.
         Starting Initial cloud-init job (metadata service crawler)...
[   22.370095] cloud-init[839]: Cloud-init v. 20.3-2-g371b392c-0ubuntu1~18.04.1 running 'init' at Tue, 20 Apr 2021 12:23:04 +0000. Up 22.26 seconds.
[   22.375597] cloud-init[839]: ci-info: ++++++++++++++++++++++++++++++++++++++Net device info+++++++++++++++++++++++++++++++++++++++
[   22.381532] cloud-init[839]: ci-info: +--------+-------+----------------------------+---------------+--------+-------------------+
[   22.383087] cloud-init[839]: ci-info: | Device |   Up  |          Address           |      Mask     | Scope  |     Hw-Address    |
[   22.385383] cloud-init[839]: ci-info: +--------+-------+----------------------------+---------------+--------+-------------------+
[   22.387959] cloud-init[839]: ci-info: | enp0s3 |  True |         10.0.2.15          | 255.255.255.0 | global | 02:60:71:1d:34:36 |
[   22.391344] cloud-init[839]: ci-info: | enp0s3 |  True | fe80::60:71ff:fe1d:3436/64 |       .       |  link  | 02:60:71:1d:34:36 |
[   22.394215] cloud-init[839]: ci-info: | enp0s8 | False |             .              |       .       |   .    | 08:00:27:5b:70:74 |
[   22.426048] cloud-init[839]: ci-info: |   lo   |  True |         127.0.0.1          |   255.0.0.0   |  host  |         .         |
[   22.433576] cloud-init[839]: ci-info: |   lo   |  True |          ::1/128           |       .       |  host  |         .         |
[   22.434975] cloud-init[839]: ci-info: +--------+-------+----------------------------+---------------+--------+-------------------+
[   22.436407] cloud-init[839]: ci-info: ++++++++++++++++++++++++++++Route IPv4 info+++++++++++++++++++++++++++++
[   22.469114] cloud-init[839]: ci-info: +-------+-------------+----------+-----------------+-----------+-------+
[   22.488194] cloud-init[839]: ci-info: | Route | Destination | Gateway  |     Genmask     | Interface | Flags |
[   22.490480] cloud-init[839]: ci-info: +-------+-------------+----------+-----------------+-----------+-------+
[   22.493218] cloud-init[839]: ci-info: |   0   |   0.0.0.0   | 10.0.2.2 |     0.0.0.0     |   enp0s3  |   UG  |
[   22.494499] cloud-init[839]: ci-info: |   1   |   10.0.2.0  | 0.0.0.0  |  255.255.255.0  |   enp0s3  |   U   |
[   22.497639] cloud-init[839]: ci-info: |   2   |   10.0.2.2  | 0.0.0.0  | 255.255.255.255 |   enp0s3  |   UH  |
[   22.507904] cloud-init[839]: ci-info: +-------+-------------+----------+-----------------+-----------+-------+
[   22.509454] cloud-init[839]: ci-info: +++++++++++++++++++Route IPv6 info+++++++++++++++++++
[   22.515970] cloud-init[839]: ci-info: +-------+-------------+---------+-----------+-------+
[   22.516995] cloud-init[839]: ci-info: | Route | Destination | Gateway | Interface | Flags |
[   22.528233] cloud-init[839]: ci-info: +-------+-------------+---------+-----------+-------+
[   22.540848] cloud-init[839]: ci-info: |   1   |  fe80::/64  |    ::   |   enp0s3  |   U   |
[   22.541831] cloud-init[839]: ci-info: |   3   |    local    |    ::   |   enp0s3  |   U   |
[   22.567255] cloud-init[839]: ci-info: |   4   |   ff00::/8  |    ::   |   enp0s3  |   U   |
[   22.576817] cloud-init[839]: ci-info: +-------+-------------+---------+-----------+-------+
[   22.889703] cloud-init[839]: Generating public/private rsa key pair.
[   22.890877] cloud-init[839]: Your identification has been saved in /etc/ssh/ssh_host_rsa_key.
[   22.907505] cloud-init[839]: Your public key has been saved in /etc/ssh/ssh_host_rsa_key.pub.
[[0;32m  OK  [0m] Started Initial cloud-init job (metadata service crawler).
[[0;32m  OK  [0m] Reached target Cloud-config availability.
[[0;32m  OK  [0m] Reached target System Initialization.
[[0;32m  OK  [0m] Started Message of the Day.
[[0;32m  OK  [0m] Listening on ACPID Listen Socket.
[[0;32m  OK  [0m] Started Daily apt download activities.
[   22.947712] cloud-init[839]: The key fingerprint is:
[   22.979571] cloud-init[839]: SHA256:lJM9vzf9zZA6Gm9miYywPiIK8o+psHLZ96o9m2VTa2E root@ubuntu-bionic[[0;32m  OK  [0m] Started Daily apt upgrade and clean activities.

[   22.981977] cloud-init[[0;32m  OK  [0m] Started ACPI Events Check.
[[0;32m  OK  [0m] Reached target Paths.
[839]: The key's randomart image is:
[   22.985290] cloud-init[839]: +---[RSA 2048]----+
[   22.991199] cloud-init[839]: |                 |
[[0;32m  OK  [0m] Listening on UUID daemon activation socket.
[   22.992650] cloud-init[839]: |         +       |
[[0;32m  OK  [0m] Listening on D-Bus System Message Bus Socket.
         [   22.993813] cloud-init[839]: |        = o      |
[   23.016544] cloud-init[839]: |       . . o     |
[   23.016590] cloud-init[839]: |        S E .    |
[   23.016632] cloud-init[839]: |      .  o o . o |
[   23.016672] cloud-init[839]: |+  o   o+o+...= .|
[   23.016715] cloud-init[839]: |=o+oo.=+.ooo*o +o|
[   23.016761] cloud-init[839]: |=++oo=**. .=o.  +|
[   23.016812] cloud-init[839]: +----[SHA256]-----+
[   23.016852] cloud-init[839]: Generating public/private dsa key pair.
[   23.016893] cloud-init[839]: Your identification has been saved in /etc/ssh/ssh_host_dsa_key.
[   23.016946] cloud-init[839]: Your public key has been saved in /etc/ssh/ssh_host_dsa_key.pub.
[   23.016993] cloud-init[839]: The key fingerprint is:
[   23.017036] cloud-init[839]: SHA256:vfFGR4DX6Kzw7zD6NbY5issVGYjVxmUD3MUpefDPR7U root@ubuntu-bionic
[   23.017084] cloud-init[839]: The key's randomart image is:
[   23.017127] cloud-init[839]: +---[DSA 1024]----+
[   23.017175] cloud-init[839]: |        .+.=*B...|
[   23.017225] cloud-init[839]: |       o .*.*+= o|
[   23.017264] cloud-init[839]: |      . ...+ ooE.|
[   23.017295] cloud-init[839]: |        .. oo. + |
[   23.017326] cloud-init[839]: |        So=.. . +|
[   23.017358] cloud-init[839]: |          o* .  .|
[   23.017411] cloud-init[839]: |          =.*    |
[   23.017443] cloud-init[839]: |       . + *o+   |
[   23.017471] cloud-init[839]: |        =ooo+.   |
[   23.017498] cloud-init[839]: +----[SHA256]-----+
[   23.017527] cloud-init[839]: Generating public/private ecdsa key pair.
[   23.017561] cloud-init[839]: Your identification has been saved in /etc/ssh/ssh_host_ecdsa_key.
[   23.017591] cloud-init[839]: Your public key has been saved in /etc/ssh/ssh_host_ecdsa_key.pub.
[   23.017623] cloud-init[839]: The key fingerprint is:
[   23.017650] cloud-init[839]: SHA256:RdFd+TCn/KPEC3XI2NPPGtSpCAWSn8SQ5xFwxzlIDBw root@ubuntu-bionic
[   23.017690] cloud-init[839]: The key's randomart image is:
[   23.017726] cloud-init[839]: +---[ECDSA 256]---+
[   23.017762] cloud-init[839]: |      .E@=B+.. .o|
[   23.017797] cloud-init[839]: |       +oO.=. +..|
[   23.017837] cloud-init[839]: |        = = =.o*o|
[   23.017873] cloud-init[839]: |         * . *++o|
[   23.017912] cloud-init[839]: |        S . +.+o.|
[   23.017946] cloud-init[839]: |           o +..+|
[   23.017982] cloud-init[839]: |            o oo.|
[   23.018023] cloud-init[839]: |             o.  |
[   23.018058] cloud-init[839]: |                 |
[   23.018089] cloud-init[839]: +----[SHA256]-----+
[   23.018124] cloud-init[839]: Generating public/private ed25519 key pair.
[   23.018164] cloud-init[839]: Your identification has been saved in /etc/ssh/ssh_host_ed25519_key.
[   23.018212] cloud-init[839]: Your public key has been saved in /etc/ssh/ssh_host_ed25519_key.pub.
[   23.018253] cloud-init[839]: The key fingerprint is:
[   23.018281] cloud-init[839]: SHA256:DKXpoFT7OUWDyJXe0ErEBFDLKCzoIuE4VuZnGtSUDvg root@ubuntu-bionic
[   23.018308] cloud-init[839]: The key's randomart image is:
[   23.018333] cloud-init[839]: +--[ED25519 256]--+
[   23.018360] cloud-init[839]: |  o++O=++        |
[   23.018386] cloud-init[839]: |o. ==+*=..       |
[   23.018413] cloud-init[839]: |=.++B+++.        |
[   23.018440] cloud-init[839]: |=+=E =o=.        |
[   23.018469] cloud-init[839]: |=+.o o= S        |
[   23.018495] cloud-init[839]: |+.  =  .         |
[   23.018521] cloud-init[839]: |   .             |
[   23.018548] cloud-init[839]: |                 |
[   23.018614] cloud-init[839]: |                 |
[   23.018643] cloud-init[839]: +----[SHA256]-----+
Starting Socket activation for snappy daemon.
[[0;32m  OK  [0m] Started Daily Cleanup of Temporary Directories.
         Starting LXD - unix socket.
[[0;32m  OK  [0m] Started Discard unused blocks once a week.
[[0;32m  OK  [0m] Reached target Timers.
[[0;32m  OK  [0m] Listening on Open-iSCSI iscsid Socket.
[[0;32m  OK  [0m] Reached target Network is Online.
         Starting Availability of block devices...
[[0;32m  OK  [0m] Reached target Remote File Systems (Pre).
[[0;32m  OK  [0m] Reached target Remote File Systems.
[[0;32m  OK  [0m] Listening on Socket activation for snappy daemon.
[[0;32m  OK  [0m] Listening on LXD - unix socket.
[[0;32m  OK  [0m] Started Availability of block devices.
[[0;32m  OK  [0m] Reached target Sockets.
[[0;32m  OK  [0m] Reached target Basic System.
         Starting Permit User Sessions...
[[0;32m  OK  [0m] Started FUSE filesystem for LXC.
[[0;32m  OK  [0m] Started Regular background program processing daemon.
         Starting System Logging Service...
         Starting LSB: Record successful boot for GRUB...
         Starting Login Service...
         Starting LXD - container startup/shutdown...
[[0;32m  OK  [0m] Started irqbalance daemon.
         Starting Virtualbox guest utils...
         Starting LSB: automatic crash report generation...
[[0;32m  OK  [0m] Started Deferred execution scheduler.
         Starting Pollinate to seed the pseudo random number generator...
[[0;32m  OK  [0m] Started D-Bus System Message Bus.
[[0;32m  OK  [0m] Started Login Service.
[[0;32m  OK  [0m] Started Unattended Upgrades Shutdown.
         Starting Accounts Service...
         Starting Dispatcher daemon for systemd-networkd...
         Starting Snap Daemon...
[[0;32m  OK  [0m] Started System Logging Service.
[[0;32m  OK  [0m] Started Permit User Sessions.
[[0;32m  OK  [0m] Started LXD - container startup/shutdown.
         Starting Terminate Plymouth Boot Screen...
         Starting Hold until boot process finishes up...
[[0;32m  OK  [0m] Started Hold until boot process finishes up.
[[0;32m  OK  [0m] Started Serial Getty on ttyS0.
         Starting Set console scheme...
[[0;32m  OK  [0m] Started Terminate Plymouth Boot Screen.
[[0;32m  OK  [0m] Started Set console scheme.
[[0;32m  OK  [0m] Created slice system-getty.slice.
[[0;32m  OK  [0m] Started Getty on tty1.
[[0;32m  OK  [0m] Reached target Login Prompts.
         Starting Authorization Manager...
[[0;32m  OK  [0m] Started LSB: Record successful boot for GRUB.
[[0;32m  OK  [0m] Started LSB: automatic crash report generation.
[[0;32m  OK  [0m] Started Authorization Manager.
[[0;32m  OK  [0m] Started Accounts Service.
[[0;32m  OK  [0m] Started Virtualbox guest utils.
[[0;32m  OK  [0m] Started Dispatcher daemon for systemd-networkd.
[[0;32m  OK  [0m] Started Snap Daemon.
         Starting Wait until snapd is fully seeded...
[[0;32m  OK  [0m] Started Pollinate to seed the pseudo random number generator.
         Starting OpenBSD Secure Shell server...
[[0;32m  OK  [0m] Started OpenBSD Secure Shell server.
[[0;32m  OK  [0m] Created slice User Slice of vagrant.
         Starting User Manager for UID 1000...
[[0;32m  OK  [0m] Started Session 1 of user vagrant.
[[0;32m  OK  [0m] Started User Manager for UID 1000.

Ubuntu 18.04.5 LTS ubuntu-bionic ttyS0

ubuntu-bionic login: [   32.306974] cloud-init[1375]: Cloud-init v. 20.3-2-g371b392c-0ubuntu1~18.04.1 running 'modules:config' at Tue, 20 Apr 2021 12:23:12 +0000. Up 30.85 seconds.
ci-info: no authorized SSH keys fingerprints found for user ubuntu.
<14>Apr 20 12:23:15 ec2: 
<14>Apr 20 12:23:15 ec2: #############################################################
<14>Apr 20 12:23:15 ec2: -----BEGIN SSH HOST KEY FINGERPRINTS-----
<14>Apr 20 12:23:15 ec2: 1024 SHA256:vfFGR4DX6Kzw7zD6NbY5issVGYjVxmUD3MUpefDPR7U root@ubuntu-bionic (DSA)
<14>Apr 20 12:23:15 ec2: 256 SHA256:RdFd+TCn/KPEC3XI2NPPGtSpCAWSn8SQ5xFwxzlIDBw root@ubuntu-bionic (ECDSA)
<14>Apr 20 12:23:15 ec2: 256 SHA256:DKXpoFT7OUWDyJXe0ErEBFDLKCzoIuE4VuZnGtSUDvg root@ubuntu-bionic (ED25519)
<14>Apr 20 12:23:15 ec2: 2048 SHA256:lJM9vzf9zZA6Gm9miYywPiIK8o+psHLZ96o9m2VTa2E root@ubuntu-bionic (RSA)
<14>Apr 20 12:23:15 ec2: -----END SSH HOST KEY FINGERPRINTS-----
<14>Apr 20 12:23:15 ec2: #############################################################
-----BEGIN SSH HOST KEY KEYS-----
ecdsa-sha2-nistp256 AAAAE2VjZHNhLXNoYTItbmlzdHAyNTYAAAAIbmlzdHAyNTYAAABBBNelnQubkrkJXFff0NlgYlDtijrG/vCSy/5YOBuAhpMdZugKSQNchwSVaC5McABcwtbapcYWLMIWU0pQNEaiur8= root@ubuntu-bionic
ssh-ed25519 AAAAC3NzaC1lZDI1NTE5AAAAIK6KhXWoTGIsEzqxDjvjbeZCsQdKsMSzXBBk7cLWKhSs root@ubuntu-bionic
ssh-rsa AAAAB3NzaC1yc2EAAAADAQABAAABAQDx87fehAlAY0MZ38qWiIwFMTx2M5VSeOn8kkUOGv3AtmxOvSgUXJygynsKqfULCrsXzPc/qtNShDdjrlNz8gr+DG9jybiy3l/ng3MjogGOGxA7Tt20J6ePhlgLcQFVMZhGGDTFERl7dx0MM8KDL5rrHbOo1E68eU/CZ22SppYmIqk1ttuH5Olc9GqBIuF2PNHoAeRDWNN1LxFO9/7OZd5OMoINsVRJUfeZpFfObb5HtXvnXUFQndogR26+2fMmCm5c973EAsqp6RzaFrIcJCEHJvPwzm4xkEMTXBshEjl82c78AZGnpl3Xt3qTfJUbJECqCNJDOM38COl2cxXE9T7z root@ubuntu-bionic
-----END SSH HOST KEY KEYS-----
[   33.172526] cloud-init[1474]: Cloud-init v. 20.3-2-g371b392c-0ubuntu1~18.04.1 running 'modules:final' at Tue, 20 Apr 2021 12:23:15 +0000. Up 32.98 seconds.
[   33.172593] cloud-init[1474]: ci-info: no authorized SSH keys fingerprints found for user ubuntu.
[   33.172624] cloud-init[1474]: Cloud-init v. 20.3-2-g371b392c-0ubuntu1~18.04.1 finished at Tue, 20 Apr 2021 12:23:15 +0000. Datasource DataSourceNoCloud [seed=/dev/sdb][dsmode=net].  Up 33.16 seconds
